<?xml version="1.0" encoding="UTF-8"?>
<!-- Generated by org.testng.reporters.JUnitReportReporter -->
<testsuite skipped="0" hostname="BLRJPT2077D.local" name="GoogleTests.com.Tests.ActionsTests" tests="2" failures="0" timestamp="23 Feb 2018 07:06:01 GMT" time="4.555" errors="0">
  <testcase name="secondTest" time="0.011" classname="GoogleTests.com.Tests.ActionsTests"/>
  <testcase name="firstTest" time="4.544" classname="GoogleTests.com.Tests.ActionsTests"/>
</testsuite> <!-- GoogleTests.com.Tests.ActionsTests -->
