<?xml version="1.0" encoding="UTF-8"?>
<!-- Generated by org.testng.reporters.JUnitReportReporter -->
<testsuite skipped="0" hostname="BLRJPT2077D.local" name="WorkingWithFrames" tests="1" failures="0" timestamp="12 Mar 2018 12:13:26 GMT" time="19.515" errors="0">
  <testcase name="setup" time="19.515" classname="WorkingWithFrames"/>
</testsuite> <!-- WorkingWithFrames -->
